<?xml version="1.0" encoding="UTF-8"?>
<!-- Generated by org.testng.reporters.JUnitReportReporter -->
<testsuite hostname="Amirthavahini08" failures="0" tests="1" name="com.testng.ParameterDemo" time="0.009" errors="0" timestamp="2025-08-08T10:23:43 IST" skipped="0">
  <testcase classname="com.testng.ParameterDemo" name="userDetails" time="0.009"/>
  <system-out/>
</testsuite> <!-- com.testng.ParameterDemo -->
