<?xml version="1.0" encoding="UTF-8"?>
<!-- Generated by org.testng.reporters.JUnitReportReporter -->
<testsuite hostname="Amirthavahini08" failures="0" tests="9" name="com.testng.DataProviderDemo" time="0.015" errors="0" timestamp="2025-08-08T10:39:04 IST" skipped="0">
  <testcase classname="com.testng.DataProviderDemo" name="userDetails" time="0.002"/>
  <system-out/>
  <testcase classname="com.testng.DataProviderDemo" name="userDetails" time="0.001"/>
  <system-out/>
  <testcase classname="com.testng.DataProviderDemo" name="userDetails" time="0.001"/>
  <system-out/>
  <testcase classname="com.testng.DataProviderDemo" name="userDetails" time="0.001"/>
  <system-out/>
  <testcase classname="com.testng.DataProviderDemo" name="userDetails" time="0.008"/>
  <system-out/>
  <testcase classname="com.testng.DataProviderDemo" name="userDetails" time="0.000"/>
  <system-out/>
  <testcase classname="com.testng.DataProviderDemo" name="userDetails" time="0.001"/>
  <system-out/>
  <testcase classname="com.testng.DataProviderDemo" name="userDetails" time="0.001"/>
  <system-out/>
  <testcase classname="com.testng.DataProviderDemo" name="userDetails" time="0.000"/>
  <system-out/>
</testsuite> <!-- com.testng.DataProviderDemo -->
