<?xml version="1.0" encoding="UTF-8"?>
<!-- Generated by org.testng.reporters.JUnitReportReporter -->
<testsuite hostname="Amirthavahini08" failures="0" tests="5" name="com.testng.DependencyDemo" time="0.015" errors="1" timestamp="2025-08-11T10:50:58 IST" skipped="1">
  <testcase classname="com.testng.DependencyDemo" name="sayHi" time="0.003"/>
  <system-out/>
  <testcase classname="com.testng.DependencyDemo" name="greet" time="0.010"/>
  <system-out/>
  <testcase classname="com.testng.DependencyDemo" name="sayThanks" time="0.001">
    <error message="/ by zero" type="java.lang.ArithmeticException">
      <![CDATA[java.lang.ArithmeticException: / by zero
at com.testng.DependencyDemo.sayThanks(DependencyDemo.java:27)
at java.base/jdk.internal.reflect.DirectMethodHandleAccessor.invoke(DirectMethodHandleAccessor.java:104)
at java.base/java.lang.reflect.Method.invoke(Method.java:577)
at org.testng.internal.MethodInvocationHelper.invokeMethod(MethodInvocationHelper.java:133)
at org.testng.internal.TestInvoker.invokeMethod(TestInvoker.java:598)
at org.testng.internal.TestInvoker.invokeTestMethod(TestInvoker.java:173)
at org.testng.internal.MethodRunner.runInSequence(MethodRunner.java:46)
at org.testng.internal.TestInvoker$MethodInvocationAgent.invoke(TestInvoker.java:824)
at org.testng.internal.TestInvoker.invokeTestMethods(TestInvoker.java:146)
at org.testng.internal.TestMethodWorker.invokeTestMethods(TestMethodWorker.java:146)
at org.testng.internal.TestMethodWorker.run(TestMethodWorker.java:128)
at java.base/java.util.concurrent.ThreadPoolExecutor.runWorker(ThreadPoolExecutor.java:1136)
at java.base/java.util.concurrent.ThreadPoolExecutor$Worker.run(ThreadPoolExecutor.java:635)
at java.base/java.lang.Thread.run(Thread.java:833)
]]>
    </error>
  </testcase> <!-- sayThanks -->
  <system-out/>
  <testcase classname="com.testng.DependencyDemo" name="sayWelcome" time="0.000">
    <skipped/>
  </testcase> <!-- sayWelcome -->
  <system-out/>
  <testcase classname="com.testng.DependencyDemo" name="sayHello" time="0.001"/>
  <system-out/>
</testsuite> <!-- com.testng.DependencyDemo -->
