<?xml version="1.0" encoding="UTF-8"?>
<!-- Generated by org.testng.reporters.JUnitReportReporter -->
<testsuite hostname="Amirthavahini08" failures="0" tests="4" name="com.testng.GroupingDemo" time="0.013" errors="0" timestamp="2025-08-11T10:46:42 IST" skipped="0">
  <testcase classname="com.testng.GroupingDemo" name="sayWelcome" time="0.002"/>
  <system-out/>
  <testcase classname="com.testng.GroupingDemo" name="sayThanks" time="0.002"/>
  <system-out/>
  <testcase classname="com.testng.GroupingDemo" name="sayHi" time="0.001"/>
  <system-out/>
  <testcase classname="com.testng.GroupingDemo" name="greet" time="0.008"/>
  <system-out/>
</testsuite> <!-- com.testng.GroupingDemo -->
