<?xml version="1.0" encoding="UTF-8"?>
<!-- Generated by org.testng.reporters.JUnitReportReporter -->
<testsuite hostname="Amirthavahini08" failures="0" tests="2" name="com.testng.PriorityDemo" time="0.007" errors="0" timestamp="2025-08-11T10:49:48 IST" skipped="0">
  <testcase classname="com.testng.PriorityDemo" name="openApplication" time="0.005"/>
  <system-out/>
  <testcase classname="com.testng.PriorityDemo" name="loginWithCredentials" time="0.002"/>
  <system-out/>
</testsuite> <!-- com.testng.PriorityDemo -->
