<?xml version="1.0" encoding="UTF-8"?>
<!-- Generated by org.testng.reporters.JUnitReportReporter -->
<testsuite hostname="Amirthavahini08" failures="0" tests="2" name="com.testng.IgnoreDemo" time="0.001" errors="0" timestamp="2025-08-11T10:49:48 IST" skipped="0">
  <testcase classname="com.testng.IgnoreDemo" name="openApplication" time="0.000"/>
  <system-out/>
  <testcase classname="com.testng.IgnoreDemo" name="closeTheApp" time="0.001"/>
  <system-out/>
</testsuite> <!-- com.testng.IgnoreDemo -->
