<?xml version="1.0" encoding="UTF-8"?>
<!-- Generated by org.testng.reporters.JUnitReportReporter -->
<testsuite hostname="Amirthavahini08" failures="0" tests="1" name="com.testng.AnnotationsDemo" time="0.001" errors="0" timestamp="2025-08-11T10:49:48 IST" skipped="0">
  <testcase classname="com.testng.AnnotationsDemo" name="test1" time="0.001"/>
  <system-out/>
</testsuite> <!-- com.testng.AnnotationsDemo -->
