<?xml version="1.0" encoding="UTF-8"?>
<!-- Generated by org.testng.reporters.JUnitReportReporter -->
<testsuite hostname="Amirthavahini08" failures="0" tests="3" name="com.testng.InvoCationAndTimeout" time="0.020" errors="0" timestamp="2025-08-07T10:36:57 IST" skipped="0">
  <testcase classname="com.testng.InvoCationAndTimeout" name="invocation" time="0.008"/>
  <system-out/>
  <testcase classname="com.testng.InvoCationAndTimeout" name="invocation" time="0.010"/>
  <system-out/>
  <testcase classname="com.testng.InvoCationAndTimeout" name="invocation" time="0.002"/>
  <system-out/>
</testsuite> <!-- com.testng.InvoCationAndTimeout -->
