<?xml version="1.0" encoding="UTF-8"?>
<!-- Generated by org.testng.reporters.JUnitReportReporter -->
<testsuite hostname="Amirthavahini08" failures="0" tests="3" name="com.testng.LoginTest" time="10.354" errors="0" timestamp="2025-08-14T10:37:01 IST" skipped="0">
  <testcase classname="com.testng.LoginTest" name="login" time="1.533"/>
  <system-out/>
  <testcase classname="com.testng.LoginTest" name="login" time="7.852"/>
  <system-out/>
  <testcase classname="com.testng.LoginTest" name="login" time="0.969"/>
  <system-out/>
</testsuite> <!-- com.testng.LoginTest -->
