<?xml version="1.0" encoding="UTF-8"?>
<!-- Generated by org.testng.reporters.JUnitReportReporter -->
<testsuite hostname="Amirthavahini08" failures="0" tests="2" name="com.testng.PriorityDemo" time="0.000" errors="0" timestamp="2025-08-14T10:53:17 IST" skipped="0">
  <testcase classname="com.testng.PriorityDemo" name="openApplication" time="0.000"/>
  <testcase classname="com.testng.PriorityDemo" name="loginWithCredentials" time="0.000"/>
</testsuite> <!-- com.testng.PriorityDemo -->
