<?xml version="1.0" encoding="UTF-8"?>
<!-- Generated by org.testng.reporters.JUnitReportReporter -->
<testsuite hostname="Amirthavahini08" failures="0" tests="3" name="com.testng.LoginTest" time="8.245" errors="0" timestamp="2025-08-14T10:53:17 IST" skipped="0">
  <testcase classname="com.testng.LoginTest" name="login" time="0.750"/>
  <testcase classname="com.testng.LoginTest" name="login" time="6.467"/>
  <testcase classname="com.testng.LoginTest" name="login" time="1.028"/>
</testsuite> <!-- com.testng.LoginTest -->
