<?xml version="1.0" encoding="UTF-8"?>
<!-- Generated by org.testng.reporters.JUnitReportReporter -->
<testsuite hostname="Amirthavahini08" failures="0" tests="1" name="com.testng.AnnotationsDemo" time="0.002" errors="0" timestamp="2025-08-14T10:53:17 IST" skipped="0">
  <testcase classname="com.testng.AnnotationsDemo" name="test1" time="0.002"/>
</testsuite> <!-- com.testng.AnnotationsDemo -->
